SF:lib/data/sample_storage.dart
DA:9,1
DA:11,1
DA:12,1
DA:13,1
DA:14,1
DA:15,2
DA:18,1
DA:19,2
DA:21,1
DA:23,0
DA:27,1
DA:28,1
DA:29,3
DA:31,1
DA:32,1
DA:33,2
DA:35,1
DA:37,1
DA:38,2
DA:42,1
DA:43,1
DA:44,3
DA:49,1
DA:50,1
DA:52,3
DA:53,3
DA:55,1
DA:57,1
DA:58,2
DA:60,1
DA:62,1
DA:63,2
DA:66,0
DA:67,0
DA:68,0
DA:69,0
DA:71,0
DA:72,0
DA:73,0
DA:74,0
DA:75,0
DA:79,0
DA:80,0
DA:81,0
DA:83,0
DA:84,0
DA:85,0
DA:89,0
DA:90,0
DA:92,0
DA:94,0
DA:98,0
DA:99,0
DA:100,0
DA:104,0
LF:55
LH:31
end_of_record
SF:lib/models/battle_pokemon.dart
DA:26,0
DA:27,0
DA:88,3
DA:139,3
DA:146,3
DA:147,3
DA:148,3
DA:149,3
DA:150,3
DA:151,3
DA:152,3
DA:154,2
DA:155,1
DA:156,1
DA:157,1
DA:158,1
DA:159,1
DA:160,1
DA:161,2
DA:162,1
DA:163,2
DA:164,2
DA:165,1
DA:166,1
DA:167,2
DA:168,1
DA:169,1
DA:170,1
DA:171,2
DA:172,2
DA:173,2
DA:174,4
DA:175,4
DA:176,4
DA:177,1
DA:178,1
DA:179,1
DA:180,1
DA:181,1
DA:182,2
DA:183,2
DA:184,1
DA:185,1
DA:186,1
DA:187,2
DA:188,1
DA:189,2
DA:190,1
DA:191,1
DA:192,1
DA:193,1
DA:194,1
DA:195,1
DA:196,1
DA:197,1
DA:198,1
DA:199,1
DA:200,1
DA:201,1
DA:204,1
DA:205,1
DA:206,1
DA:207,1
DA:208,1
DA:209,1
DA:210,1
DA:211,1
DA:212,2
DA:213,1
DA:214,2
DA:215,1
DA:216,2
DA:218,1
DA:219,0
DA:221,2
DA:222,2
DA:223,2
DA:224,1
DA:225,1
DA:226,2
DA:227,2
DA:228,2
DA:229,3
DA:230,1
DA:231,3
DA:232,1
DA:233,3
DA:234,1
DA:235,2
DA:236,1
DA:237,2
DA:239,2
DA:240,1
DA:241,2
DA:243,1
DA:244,2
DA:245,2
DA:246,1
DA:247,1
DA:248,1
DA:249,2
DA:250,1
DA:251,2
DA:252,1
DA:253,1
DA:254,1
DA:255,1
DA:256,1
DA:257,1
DA:258,1
DA:259,1
DA:260,1
DA:261,1
DA:262,1
DA:263,1
DA:267,0
DA:268,0
DA:269,0
DA:270,0
DA:271,0
DA:272,0
DA:273,0
DA:274,0
DA:275,0
DA:276,0
DA:277,0
DA:278,0
DA:279,0
DA:280,0
DA:283,0
DA:284,0
DA:285,0
DA:286,0
DA:287,0
DA:290,0
DA:293,0
DA:294,0
DA:295,0
DA:296,0
DA:297,0
DA:298,0
DA:299,0
DA:300,0
DA:301,0
DA:302,0
DA:303,0
DA:304,0
DA:305,0
DA:306,0
DA:307,0
DA:308,0
DA:309,0
DA:310,0
DA:311,0
DA:312,0
DA:313,0
DA:314,0
DA:315,0
DA:316,0
DA:317,0
DA:318,0
DA:319,0
DA:320,0
DA:324,0
DA:325,0
DA:326,0
DA:327,0
DA:328,0
DA:329,0
DA:330,0
DA:331,0
DA:332,0
DA:333,0
DA:334,0
DA:335,0
DA:336,0
DA:337,0
DA:339,0
DA:340,0
DA:341,0
DA:342,0
DA:343,0
DA:344,0
DA:345,0
DA:347,0
DA:349,0
DA:350,0
DA:351,0
DA:352,0
DA:353,0
DA:354,0
DA:355,0
DA:356,0
DA:357,0
DA:358,0
DA:360,0
DA:362,0
DA:363,0
DA:366,0
DA:374,0
DA:375,0
DA:379,0
DA:385,0
DA:386,0
DA:387,0
DA:388,0
DA:395,0
DA:396,0
DA:397,0
DA:398,0
DA:399,0
DA:405,0
DA:406,0
DA:408,0
DA:414,0
DA:415,0
DA:416,0
DA:417,0
DA:418,0
DA:422,0
DA:423,0
DA:428,0
DA:429,0
DA:430,0
DA:431,0
DA:432,0
DA:433,0
DA:434,0
DA:435,0
DA:440,0
DA:442,0
DA:443,0
LF:232
LH:112
end_of_record
SF:lib/models/move.dart
DA:41,4
DA:63,0
DA:64,0
DA:66,6
DA:69,15
DA:74,1
DA:75,1
DA:76,0
DA:78,2
DA:81,21
DA:84,0
DA:86,3
DA:100,3
DA:101,3
DA:102,3
DA:103,3
DA:104,3
DA:105,3
DA:106,3
DA:107,3
DA:108,3
DA:109,3
DA:110,3
DA:111,3
DA:112,3
DA:113,3
DA:114,3
DA:115,3
DA:116,3
DA:120,0
DA:121,0
DA:122,0
DA:123,0
DA:124,0
DA:125,0
DA:126,0
DA:127,0
DA:128,0
DA:129,0
DA:130,0
DA:131,0
DA:132,0
DA:133,0
DA:134,0
DA:135,0
DA:136,0
DA:139,0
DA:140,0
DA:141,0
DA:142,0
DA:143,0
DA:144,0
DA:145,0
DA:146,0
DA:147,0
DA:148,0
DA:149,0
DA:150,0
DA:151,0
DA:153,0
DA:154,0
DA:156,0
DA:157,0
DA:158,0
DA:159,0
DA:160,0
DA:162,0
DA:163,0
DA:164,0
DA:165,0
LF:70
LH:25
end_of_record
SF:lib/utils/app_strings.dart
DA:13,3
DA:15,2
DA:17,0
DA:19,0
DA:20,0
DA:25,1
DA:29,0
DA:30,0
DA:31,0
DA:33,0
DA:36,0
DA:41,0
DA:42,0
DA:43,0
DA:44,0
DA:46,0
DA:53,4
DA:56,2
DA:60,1
DA:66,1
DA:67,1
DA:68,0
DA:69,0
DA:77,0
DA:78,0
DA:79,0
DA:81,0
DA:82,0
DA:89,0
DA:94,0
DA:95,0
DA:96,0
DA:97,0
LF:33
LH:8
end_of_record
SF:lib/models/move_tags.dart
DA:3,0
LF:1
LH:0
end_of_record
SF:lib/utils/item_effects.dart
DA:49,2
DA:106,2
DA:113,2
DA:114,2
DA:117,2
DA:118,2
DA:125,2
DA:127,2
DA:128,2
DA:131,2
DA:132,2
DA:135,2
DA:136,1
DA:139,2
DA:140,2
DA:146,2
DA:147,3
DA:153,2
DA:155,2
DA:157,1
DA:161,2
DA:163,2
DA:164,2
DA:168,2
DA:170,1
DA:171,2
DA:175,2
DA:177,1
DA:178,4
DA:182,2
DA:184,1
DA:185,4
DA:189,2
DA:190,2
DA:192,1
DA:193,4
DA:197,2
DA:199,2
DA:200,4
DA:204,1
DA:205,0
DA:209,1
DA:210,0
DA:214,1
DA:215,0
DA:219,1
DA:221,0
DA:222,0
DA:226,1
DA:228,0
DA:229,0
DA:243,2
DA:255,3
DA:260,3
DA:267,3
DA:269,1
DA:270,0
DA:274,1
DA:275,0
DA:309,1
DA:311,1
DA:312,1
DA:315,2
DA:324,2
DA:338,1
DA:340,1
DA:342,1
DA:343,2
DA:347,1
DA:349,1
DA:350,1
DA:351,1
DA:352,1
DA:353,1
DA:354,1
DA:356,1
DA:357,1
LF:77
LH:68
end_of_record
SF:lib/data/champions_usage.dart
DA:34,0
DA:43,0
DA:44,0
DA:45,0
DA:46,0
DA:47,0
DA:48,0
DA:50,0
DA:51,0
DA:52,0
DA:53,0
DA:54,0
DA:55,0
DA:56,0
DA:70,0
DA:72,0
DA:73,0
DA:74,0
DA:87,0
DA:88,0
DA:89,0
DA:92,0
DA:94,0
DA:96,0
DA:97,0
DA:98,0
DA:99,0
DA:100,0
DA:101,0
DA:102,0
DA:110,0
DA:111,0
DA:117,0
DA:118,0
LF:34
LH:0
end_of_record
SF:lib/data/movedex.dart
DA:23,0
DA:24,0
DA:25,0
DA:28,0
DA:29,0
DA:30,0
DA:31,0
DA:32,0
DA:35,0
DA:36,0
DA:37,0
DA:42,0
DA:43,0
DA:44,0
DA:49,0
LF:15
LH:0
end_of_record
SF:lib/data/pokedex.dart
DA:30,0
DA:34,0
DA:35,0
DA:36,0
DA:39,0
DA:41,0
DA:42,0
DA:43,0
DA:44,0
DA:47,0
DA:48,0
DA:52,0
DA:53,0
DA:59,0
DA:60,0
LF:15
LH:0
end_of_record
SF:lib/models/pokemon.dart
DA:31,0
DA:55,0
DA:56,0
DA:57,0
DA:58,0
DA:59,0
DA:60,0
DA:61,0
DA:62,0
DA:63,0
DA:64,0
DA:66,0
DA:67,0
DA:68,0
DA:69,0
DA:70,0
DA:71,0
DA:72,0
DA:73,0
DA:74,0
DA:75,0
DA:76,0
DA:77,0
DA:78,0
DA:80,0
DA:81,0
DA:86,0
DA:88,0
DA:90,0
DA:92,0
DA:93,0
LF:31
LH:0
end_of_record
SF:lib/utils/stacking_moves.dart
DA:16,2
DA:23,1
DA:24,1
DA:25,1
DA:26,1
DA:33,1
DA:34,2
DA:35,2
DA:41,1
DA:42,2
DA:51,1
DA:52,1
DA:53,2
DA:54,1
DA:56,3
DA:57,1
DA:58,1
LF:17
LH:17
end_of_record
SF:lib/models/nature.dart
DA:34,0
DA:35,0
DA:36,0
DA:39,0
DA:40,0
DA:41,0
DA:42,0
DA:43,0
LF:8
LH:0
end_of_record
SF:lib/models/terastal.dart
DA:8,3
DA:10,0
DA:11,0
DA:12,0
DA:13,0
DA:18,0
DA:20,2
DA:21,1
DA:22,1
DA:25,1
DA:26,1
DA:27,1
DA:28,1
DA:29,0
LF:14
LH:8
end_of_record
SF:lib/models/nature_profile.dart
DA:15,0
DA:17,0
DA:18,0
DA:19,0
DA:20,0
DA:21,0
DA:22,0
DA:23,0
DA:24,0
DA:25,0
DA:26,0
DA:39,6
DA:43,0
DA:44,0
DA:45,0
DA:46,0
DA:50,7
DA:51,14
DA:52,14
DA:58,14
DA:59,14
DA:60,14
DA:61,14
DA:62,14
DA:67,0
DA:68,0
DA:69,0
DA:71,0
DA:72,0
DA:73,0
DA:74,0
DA:75,0
DA:84,0
DA:85,0
DA:86,0
DA:87,0
DA:88,0
DA:89,0
DA:90,0
DA:91,0
DA:92,0
DA:93,0
DA:96,0
DA:125,4
DA:153,4
DA:154,4
DA:157,2
DA:158,1
DA:159,1
DA:165,1
DA:167,1
DA:169,0
DA:174,1
DA:175,1
DA:176,1
DA:177,1
DA:180,0
DA:185,3
DA:190,0
DA:192,0
DA:194,0
DA:195,0
LF:62
LH:22
end_of_record
SF:lib/models/rank.dart
DA:12,4
DA:18,16
DA:19,16
DA:20,16
DA:21,16
DA:22,16
DA:24,24
DA:25,24
DA:26,24
DA:27,24
DA:28,24
DA:30,0
DA:36,0
DA:37,0
DA:38,0
DA:39,0
DA:40,0
DA:41,0
DA:44,2
DA:45,1
DA:46,1
DA:47,1
DA:48,1
DA:49,1
DA:52,1
DA:53,1
DA:54,1
DA:55,1
DA:56,1
DA:57,1
DA:58,1
DA:62,8
DA:63,8
DA:64,16
DA:66,12
LF:35
LH:28
end_of_record
SF:lib/models/stats.dart
DA:10,9
DA:19,1
DA:20,1
DA:21,1
DA:22,1
DA:23,1
DA:24,1
DA:25,1
DA:26,1
DA:30,0
DA:37,0
DA:38,0
DA:39,0
DA:40,0
DA:41,0
DA:42,0
DA:43,0
DA:46,2
DA:47,1
DA:48,1
DA:49,1
DA:50,1
DA:51,1
DA:52,1
LF:24
LH:16
end_of_record
SF:lib/models/status.dart
DA:13,0
LF:1
LH:0
end_of_record
SF:lib/data/learnsetdex.dart
DA:11,1
DA:13,2
DA:14,1
DA:16,1
DA:19,2
DA:20,2
DA:21,1
DA:22,3
DA:24,4
DA:29,0
DA:38,1
DA:42,1
DA:43,1
DA:47,1
DA:48,1
DA:51,1
DA:52,1
DA:53,0
DA:54,0
DA:58,1
DA:59,2
DA:60,0
DA:67,1
DA:80,2
DA:83,1
DA:84,1
DA:86,1
DA:87,1
DA:93,1
DA:94,1
DA:98,1
DA:99,1
DA:102,1
DA:106,1
DA:107,2
DA:108,1
DA:109,0
DA:110,0
DA:114,1
DA:115,2
DA:116,2
DA:120,1
DA:121,1
DA:122,1
DA:123,2
DA:124,1
DA:125,4
DA:129,1
DA:150,1
DA:153,1
DA:154,0
DA:167,1
DA:168,1
DA:169,3
DA:176,1
DA:177,3
DA:180,1
DA:181,3
LF:58
LH:51
end_of_record
SF:lib/models/room.dart
DA:8,5
DA:15,0
DA:17,0
DA:23,0
DA:24,0
DA:25,0
DA:26,0
DA:27,0
LF:8
LH:1
end_of_record
SF:lib/utils/defensive_calculator.dart
DA:22,2
DA:45,2
DA:55,2
DA:56,1
DA:57,2
DA:58,2
DA:59,2
DA:64,2
DA:72,2
DA:74,4
DA:75,4
DA:80,1
DA:81,2
DA:82,2
DA:86,4
DA:88,0
DA:92,6
DA:93,6
DA:98,2
DA:102,2
DA:106,4
DA:107,4
DA:109,2
DA:113,0
DA:115,6
DA:116,6
DA:118,4
DA:119,4
LF:28
LH:26
end_of_record
SF:lib/utils/ability_effects.dart
DA:63,4
DA:84,5
DA:98,2
DA:99,2
DA:100,0
DA:111,1
DA:113,1
DA:122,5
DA:137,5
DA:138,5
DA:141,5
DA:144,5
DA:145,2
DA:151,5
DA:152,0
DA:157,5
DA:158,1
DA:163,5
DA:164,5
DA:165,5
DA:166,5
DA:167,5
DA:168,1
DA:169,1
DA:170,1
DA:173,5
DA:174,1
DA:175,1
DA:180,5
DA:184,5
DA:185,5
DA:189,5
DA:190,0
DA:195,5
DA:196,5
DA:197,5
DA:198,5
DA:199,5
DA:200,1
DA:201,2
DA:202,1
DA:207,5
DA:208,3
DA:212,5
DA:213,1
DA:214,2
DA:215,2
DA:216,2
DA:219,5
DA:220,2
DA:224,5
DA:225,1
DA:229,5
DA:230,2
DA:236,5
DA:237,2
DA:238,1
DA:240,2
DA:242,5
DA:243,1
DA:244,1
DA:246,2
DA:250,5
DA:251,5
DA:252,4
DA:253,4
DA:254,3
DA:255,3
DA:256,2
DA:261,4
DA:262,2
DA:265,4
DA:266,1
DA:269,4
DA:270,1
DA:276,4
DA:280,4
DA:284,4
DA:285,2
DA:289,4
DA:290,2
DA:294,4
DA:295,1
DA:301,4
DA:302,0
DA:308,4
DA:310,4
DA:316,3
DA:318,3
DA:320,3
DA:324,3
DA:325,4
DA:328,3
DA:329,3
DA:332,3
DA:333,2
DA:336,3
DA:337,2
DA:340,3
DA:341,2
DA:344,3
DA:345,2
DA:348,3
DA:354,3
DA:355,3
DA:356,3
DA:357,3
DA:358,3
DA:359,3
DA:363,3
DA:364,2
DA:367,3
DA:368,0
DA:382,4
DA:396,4
DA:404,4
DA:408,4
DA:409,2
DA:412,4
DA:413,2
DA:416,4
DA:417,0
DA:420,4
DA:421,0
DA:422,0
DA:423,0
DA:426,4
DA:427,0
DA:428,0
DA:429,0
DA:442,2
DA:445,2
DA:447,2
DA:448,2
DA:449,2
DA:450,0
DA:452,2
DA:453,0
DA:454,2
DA:455,0
DA:456,2
DA:457,0
DA:458,2
DA:459,0
DA:460,2
DA:462,1
DA:464,1
DA:466,1
DA:467,0
DA:475,1
DA:477,1
DA:478,1
DA:479,1
DA:480,1
DA:481,1
DA:482,0
DA:489,2
DA:503,4
DA:510,3
DA:517,3
DA:520,6
DA:533,6
DA:566,2
DA:567,4
DA:568,4
DA:569,4
DA:570,2
DA:571,4
DA:572,4
DA:578,2
DA:579,2
DA:580,2
DA:581,1
DA:582,1
DA:583,1
DA:586,1
DA:588,1
DA:589,1
DA:590,1
DA:591,1
DA:592,1
DA:593,1
DA:596,7
DA:600,1
DA:602,1
DA:604,1
DA:606,1
DA:608,1
DA:625,1
DA:626,1
DA:632,2
DA:633,2
DA:634,2
DA:641,1
DA:642,1
DA:648,0
DA:653,0
DA:695,1
DA:697,1
DA:698,1
DA:708,1
DA:718,1
DA:719,1
DA:720,1
DA:721,1
DA:722,1
DA:723,1
DA:729,1
DA:730,1
DA:731,2
DA:732,1
DA:733,1
DA:734,2
DA:735,1
DA:736,1
DA:737,1
DA:748,1
DA:758,1
DA:759,1
DA:760,1
DA:761,1
DA:762,1
DA:769,0
DA:770,0
DA:772,0
DA:774,0
DA:780,1
DA:781,1
DA:782,2
DA:783,1
DA:784,2
DA:785,1
DA:797,1
DA:806,1
DA:807,2
DA:808,1
DA:809,0
DA:814,1
DA:815,2
DA:816,0
DA:825,1
DA:832,2
DA:837,2
DA:838,0
DA:850,2
DA:860,2
DA:862,0
DA:863,0
DA:865,0
DA:866,0
DA:868,0
DA:876,2
DA:878,0
DA:880,0
DA:882,0
DA:884,0
DA:892,2
DA:904,0
DA:909,2
DA:910,0
DA:911,0
DA:912,0
DA:924,1
DA:925,1
DA:930,1
DA:931,2
DA:934,1
DA:935,1
DA:941,1
DA:947,1
DA:948,1
DA:949,1
DA:958,1
DA:959,2
DA:964,4
DA:969,2
DA:974,1
DA:975,1
DA:980,4
DA:1014,2
DA:1015,2
DA:1016,2
LF:282
LH:241
end_of_record
SF:lib/utils/aura_effects.dart
DA:36,4
DA:42,0
DA:46,0
DA:51,0
DA:52,0
DA:53,0
DA:54,0
DA:65,6
DA:77,2
DA:84,2
DA:86,2
DA:87,2
DA:89,2
DA:90,2
DA:92,2
DA:93,2
DA:106,3
DA:112,4
DA:113,5
DA:118,3
DA:119,0
DA:125,2
DA:126,0
DA:128,1
DA:130,1
DA:133,1
DA:136,1
DA:138,1
DA:140,1
LF:29
LH:21
end_of_record
SF:lib/utils/move_transform.dart
DA:80,3
DA:122,4
DA:126,4
DA:127,4
DA:128,4
DA:129,4
DA:130,4
DA:131,4
DA:132,2
DA:133,2
DA:134,2
DA:135,3
DA:136,2
DA:137,2
DA:151,4
DA:153,8
DA:154,12
DA:158,10
DA:159,1
DA:164,9
DA:165,3
DA:167,1
DA:168,2
DA:169,3
DA:172,1
DA:176,8
DA:179,9
DA:180,1
DA:184,9
DA:185,2
DA:187,1
DA:189,1
DA:191,1
DA:194,1
DA:198,9
DA:199,2
DA:200,1
DA:204,9
DA:205,2
DA:206,1
DA:210,9
DA:211,2
DA:215,9
DA:216,2
DA:217,1
DA:218,1
DA:220,1
DA:225,9
DA:226,2
DA:227,2
DA:228,1
DA:229,2
DA:230,1
DA:231,1
DA:232,1
DA:239,4
DA:240,4
DA:241,4
DA:242,6
DA:247,8
DA:248,8
DA:249,8
DA:250,12
DA:251,12
DA:252,12
DA:253,8
DA:254,8
DA:255,8
DA:258,8
DA:259,4
DA:260,4
DA:263,8
DA:266,5
DA:267,4
DA:271,4
DA:272,4
DA:273,4
DA:274,4
DA:278,8
DA:279,1
DA:280,1
DA:281,1
DA:282,3
DA:288,9
DA:289,1
DA:292,1
DA:294,3
DA:303,10
DA:304,3
DA:305,6
DA:306,3
DA:307,1
DA:308,2
DA:312,4
DA:313,4
DA:317,4
DA:318,4
DA:319,4
DA:320,4
DA:321,8
DA:330,1
DA:331,1
DA:334,1
DA:336,1
DA:337,1
DA:338,3
DA:340,1
DA:341,1
DA:345,1
DA:346,1
DA:347,3
DA:349,1
DA:350,1
DA:364,4
DA:368,3
DA:369,1
DA:373,3
DA:374,2
DA:376,4
DA:380,4
DA:381,9
DA:387,1
DA:388,1
DA:390,1
DA:391,1
DA:393,1
DA:395,1
DA:401,1
DA:405,4
DA:406,9
DA:412,1
DA:414,1
DA:416,1
DA:418,1
DA:424,1
DA:428,4
DA:429,4
DA:430,3
DA:436,4
DA:437,4
DA:438,5
DA:440,4
DA:441,2
DA:447,4
DA:448,5
DA:449,1
DA:450,1
DA:451,1
DA:452,1
DA:454,3
DA:458,9
DA:459,1
DA:465,4
DA:466,2
DA:471,1
DA:472,5
DA:473,2
DA:477,1
DA:478,1
DA:480,1
DA:482,1
DA:484,1
DA:486,1
DA:491,1
DA:498,4
DA:502,4
DA:503,1
DA:504,3
DA:508,3
DA:509,3
DA:513,4
DA:514,1
DA:515,3
DA:522,4
DA:524,4
DA:525,1
DA:526,1
DA:528,1
DA:530,1
DA:532,1
DA:534,1
DA:539,1
DA:543,4
DA:547,2
DA:549,2
DA:551,2
DA:553,2
DA:555,2
DA:560,2
DA:571,4
DA:572,8
DA:573,0
DA:574,0
DA:575,0
DA:789,4
DA:790,4
DA:792,1
DA:793,4
DA:797,4
DA:800,2
DA:801,4
DA:802,1
DA:804,2
DA:805,8
DA:806,2
DA:817,4
DA:823,5
DA:825,3
DA:828,5
DA:830,4
DA:833,5
DA:835,4
DA:845,4
DA:846,4
DA:847,6
DA:848,3
DA:849,3
DA:850,3
DA:856,1
DA:857,1
DA:858,1
DA:859,1
DA:860,1
DA:861,1
DA:941,4
DA:981,1
DA:983,2
DA:986,1
DA:987,1
DA:988,1
DA:989,1
DA:990,1
DA:991,1
DA:995,1
DA:996,1
DA:997,1
DA:998,1
DA:999,1
DA:1000,1
DA:1006,1
DA:1008,1
DA:1011,1
DA:1014,2
DA:1015,1
DA:1016,2
DA:1021,2
DA:1026,2
DA:1031,1
DA:1037,1
DA:1039,2
DA:1040,1
DA:1051,1
DA:1052,2
DA:1053,2
DA:1054,2
DA:1055,2
DA:1056,1
DA:1066,2
DA:1067,1
DA:1076,1
DA:1077,1
DA:1078,2
DA:1081,1
DA:1082,1
DA:1083,1
DA:1084,2
DA:1085,1
DA:1086,1
DA:1087,4
DA:1097,1
DA:1098,1
DA:1099,1
DA:1100,1
DA:1131,1
DA:1132,1
DA:1133,4
DA:1134,2
DA:1135,2
DA:1145,1
DA:1147,2
DA:1151,1
DA:1152,1
DA:1153,3
DA:1154,1
DA:1155,1
DA:1156,1
DA:1157,1
DA:1158,1
DA:1159,1
DA:1160,2
DA:1168,1
DA:1169,2
DA:1170,2
DA:1171,2
DA:1173,1
DA:1260,4
DA:1331,2
DA:1332,2
LF:298
LH:295
end_of_record
SF:lib/utils/battle_facade.dart
DA:35,2
DA:38,2
DA:39,1
DA:44,2
DA:47,1
DA:83,5
DA:103,0
DA:110,1
DA:116,1
DA:117,1
DA:118,1
DA:119,1
DA:120,1
DA:121,1
DA:122,1
DA:125,2
DA:127,2
DA:129,1
DA:130,1
DA:131,1
DA:132,1
DA:133,1
DA:135,1
DA:138,2
DA:139,1
DA:149,1
DA:170,2
DA:176,1
DA:177,1
DA:178,0
DA:181,2
DA:184,1
DA:195,1
DA:198,2
DA:199,1
DA:201,1
DA:203,3
DA:205,4
DA:210,2
DA:211,2
DA:213,1
DA:214,3
DA:215,3
DA:217,5
DA:220,2
DA:221,2
DA:222,2
DA:226,2
DA:227,0
DA:228,0
DA:229,0
DA:230,0
DA:231,0
DA:232,0
DA:235,2
DA:238,1
DA:241,2
DA:242,2
DA:243,2
DA:244,2
DA:261,2
DA:265,2
DA:266,2
DA:267,2
DA:268,2
DA:269,2
DA:270,2
DA:272,1
DA:279,2
DA:280,2
DA:281,2
DA:293,1
DA:310,2
DA:311,1
DA:312,0
DA:313,1
DA:316,2
DA:317,2
DA:318,2
DA:319,2
DA:334,2
DA:338,1
DA:365,1
DA:372,2
DA:373,1
DA:376,1
DA:377,1
DA:380,1
DA:383,1
DA:386,1
DA:397,1
DA:401,1
DA:403,1
DA:407,1
DA:412,2
DA:414,1
DA:415,1
DA:417,0
DA:418,0
DA:421,1
DA:424,1
DA:425,1
DA:426,1
DA:427,1
DA:430,1
DA:433,1
DA:439,1
DA:440,1
DA:441,1
DA:444,2
DA:445,3
DA:448,1
DA:449,0
DA:453,1
DA:455,1
DA:458,1
DA:460,1
DA:461,1
DA:464,1
DA:467,1
DA:469,1
DA:476,1
DA:479,1
DA:480,1
DA:481,1
DA:483,1
DA:486,1
DA:487,1
DA:488,1
DA:489,1
DA:491,3
DA:492,2
DA:495,1
DA:496,1
DA:497,1
DA:498,1
DA:499,1
DA:500,1
DA:505,1
DA:511,1
DA:516,1
DA:517,1
DA:519,1
DA:520,1
DA:521,1
DA:522,1
DA:523,1
DA:525,2
DA:526,2
DA:527,1
DA:528,1
DA:542,1
DA:551,2
DA:553,2
DA:557,1
DA:559,1
DA:560,1
DA:561,1
DA:562,1
DA:563,1
DA:565,1
DA:566,1
DA:567,1
DA:568,1
DA:569,1
DA:570,1
DA:571,1
DA:572,1
DA:573,1
DA:574,1
DA:576,1
DA:577,3
DA:578,1
DA:579,1
DA:580,1
DA:583,2
DA:585,1
DA:586,1
DA:596,1
DA:597,1
DA:598,1
DA:599,1
DA:600,1
DA:601,1
DA:602,1
DA:607,2
DA:608,2
DA:609,6
DA:611,5
DA:615,1
DA:633,2
DA:634,0
DA:635,0
DA:636,0
DA:637,0
DA:638,0
DA:639,0
DA:640,0
DA:644,1
DA:647,1
DA:648,1
DA:649,1
DA:650,1
DA:651,1
DA:652,1
DA:653,1
DA:654,2
DA:655,2
DA:658,1
DA:659,1
DA:660,1
DA:664,1
DA:665,1
DA:675,1
DA:680,1
DA:681,1
DA:682,1
DA:683,1
DA:684,0
DA:685,0
DA:686,0
DA:687,0
DA:688,0
DA:690,0
LF:224
LH:199
end_of_record
SF:lib/utils/doubles_effects.dart
DA:38,6
DA:73,1
DA:79,1
DA:80,1
DA:81,0
DA:82,0
DA:84,1
DA:92,2
DA:102,2
DA:105,2
DA:106,0
DA:107,0
DA:111,2
DA:112,0
DA:113,0
DA:117,2
DA:118,0
DA:119,0
DA:123,2
DA:124,0
DA:125,0
DA:129,4
DA:130,2
DA:131,0
DA:132,0
DA:138,4
DA:139,0
DA:140,0
DA:141,0
DA:142,0
DA:145,2
LF:31
LH:15
end_of_record
SF:lib/utils/grounded.dart
DA:7,3
DA:16,3
DA:17,3
DA:18,3
DA:19,3
DA:20,3
DA:21,3
LF:7
LH:7
end_of_record
SF:lib/utils/offensive_calculator.dart
DA:37,2
DA:71,2
DA:73,4
DA:77,2
DA:81,1
DA:82,2
DA:83,3
DA:84,1
DA:85,1
DA:86,2
DA:87,3
DA:88,1
DA:89,1
DA:93,2
DA:102,2
DA:103,4
DA:106,2
DA:109,2
DA:113,4
DA:117,4
DA:118,4
DA:119,4
DA:120,0
DA:125,0
DA:143,0
DA:144,0
DA:145,2
DA:147,2
DA:148,2
DA:153,2
DA:154,2
DA:161,2
DA:164,2
DA:165,2
DA:170,2
DA:171,2
DA:172,2
DA:173,2
DA:174,2
DA:175,2
DA:176,2
DA:177,2
DA:178,2
DA:179,2
DA:180,2
DA:183,2
LF:46
LH:42
end_of_record
SF:lib/utils/ruin_effects.dart
DA:32,4
DA:39,0
DA:40,0
DA:44,0
DA:50,0
DA:51,0
DA:52,0
DA:53,0
DA:54,0
DA:66,6
DA:79,2
DA:87,2
DA:89,2
DA:90,2
DA:92,2
DA:93,2
DA:95,2
DA:96,2
DA:98,2
DA:99,2
DA:108,4
DA:117,4
DA:119,4
DA:120,4
DA:124,4
DA:125,1
DA:126,1
DA:127,1
DA:129,4
DA:130,1
DA:131,1
DA:132,1
DA:137,3
DA:138,1
DA:139,1
DA:140,1
DA:142,4
DA:143,1
DA:144,1
DA:145,1
LF:40
LH:32
end_of_record
SF:lib/utils/speed_calculator.dart
DA:20,2
DA:32,2
DA:36,4
DA:42,1
DA:43,1
DA:44,3
DA:49,4
DA:50,2
DA:55,2
DA:58,2
DA:63,0
DA:64,0
DA:65,0
DA:66,0
DA:67,0
DA:72,1
DA:80,1
DA:81,2
LF:18
LH:13
end_of_record
SF:lib/utils/stat_calculator.dart
DA:9,7
DA:17,7
DA:18,7
DA:19,28
DA:20,28
DA:21,14
DA:22,28
DA:23,14
DA:24,28
DA:25,14
DA:26,28
DA:27,14
DA:28,28
DA:29,14
DA:34,7
DA:35,56
DA:39,7
DA:41,49
DA:42,14
DA:43,14
LF:20
LH:20
end_of_record
SF:lib/utils/terrain_effects.dart
DA:19,2
DA:20,2
DA:23,1
DA:24,2
DA:34,3
DA:40,3
DA:41,2
DA:42,3
DA:43,0
DA:44,0
DA:45,3
DA:46,0
DA:47,3
DA:48,2
LF:14
LH:11
end_of_record
SF:lib/utils/weather_effects.dart
DA:22,2
DA:23,2
DA:27,1
DA:28,2
DA:38,4
DA:44,4
DA:45,4
DA:46,4
DA:47,4
DA:48,4
DA:49,4
DA:54,6
DA:55,6
DA:65,4
DA:67,4
DA:68,3
DA:69,6
DA:70,4
DA:72,4
DA:73,2
DA:74,4
DA:75,4
DA:77,4
DA:78,6
DA:79,4
DA:81,4
DA:82,4
DA:83,4
LF:28
LH:28
end_of_record
SF:lib/utils/damage_calculator.dart
DA:56,4
DA:94,5
DA:108,1
DA:109,2
DA:110,4
DA:111,1
DA:113,1
DA:114,2
DA:115,4
DA:116,1
DA:120,1
DA:121,1
DA:122,1
DA:124,3
DA:128,1
DA:129,1
DA:130,3
DA:135,1
DA:136,1
DA:137,1
DA:139,1
DA:141,0
DA:146,4
DA:147,4
DA:148,4
DA:149,1
DA:156,1
DA:157,1
DA:158,1
DA:161,2
DA:162,0
DA:163,0
DA:164,0
DA:165,0
DA:166,0
DA:168,0
DA:171,0
DA:175,1
DA:176,1
DA:177,2
DA:178,1
DA:179,0
DA:180,1
DA:181,0
DA:183,2
DA:185,0
DA:188,5
DA:206,1
DA:208,1
DA:210,3
DA:214,1
DA:216,1
DA:219,1
DA:224,1
DA:230,1
DA:244,2
DA:248,1
DA:249,2
DA:250,2
DA:251,2
DA:254,2
DA:259,1
DA:260,2
DA:261,1
DA:262,1
DA:265,1
DA:267,1
DA:269,1
DA:270,1
DA:271,2
DA:274,1
DA:276,1
DA:277,0
DA:278,0
DA:282,1
DA:283,1
DA:284,0
DA:291,2
DA:292,1
DA:293,3
DA:294,3
DA:296,1
DA:297,3
DA:298,1
DA:299,1
DA:301,1
DA:302,3
DA:303,1
DA:304,1
DA:306,1
DA:309,1
DA:310,1
DA:311,1
DA:313,1
DA:314,1
DA:315,1
DA:316,2
DA:317,2
DA:318,1
DA:319,1
DA:320,1
DA:321,1
DA:322,1
DA:323,1
DA:324,1
DA:325,1
DA:329,1
DA:332,2
DA:333,1
DA:335,1
DA:336,1
DA:342,1
DA:343,1
DA:344,3
DA:345,3
DA:347,1
DA:348,3
DA:349,3
DA:351,4
DA:352,3
DA:353,1
DA:356,1
DA:364,2
DA:365,1
DA:368,2
DA:370,1
DA:375,1
DA:376,2
DA:377,1
DA:382,1
DA:387,1
DA:388,1
DA:389,0
DA:393,1
DA:394,1
DA:401,2
DA:402,1
DA:403,2
DA:404,1
DA:412,2
DA:417,1
DA:419,1
DA:422,1
DA:424,1
DA:425,1
DA:428,1
DA:430,1
DA:432,1
DA:435,1
DA:440,2
DA:444,2
DA:445,1
DA:448,1
DA:449,1
DA:456,1
DA:457,3
DA:458,2
DA:462,1
DA:465,1
DA:466,1
DA:468,2
DA:471,1
DA:474,1
DA:475,1
DA:476,1
DA:477,1
DA:480,1
DA:482,1
DA:483,3
DA:484,2
DA:490,1
DA:491,2
DA:492,1
DA:493,2
DA:494,0
DA:495,0
DA:496,0
DA:497,0
DA:498,0
DA:499,0
DA:501,0
DA:504,0
DA:508,2
DA:509,3
DA:512,3
DA:513,1
DA:516,2
DA:523,1
DA:524,1
DA:527,1
DA:528,1
DA:529,1
DA:530,1
DA:532,1
DA:535,1
DA:539,2
DA:543,1
DA:544,1
DA:548,1
DA:551,1
DA:552,3
DA:553,2
DA:557,1
DA:558,1
DA:559,2
DA:560,2
DA:561,2
DA:566,2
DA:567,3
DA:571,2
DA:580,1
DA:582,1
DA:587,1
DA:588,1
DA:589,1
DA:590,4
DA:592,1
DA:593,1
DA:594,3
DA:595,4
DA:599,1
DA:600,1
DA:603,1
DA:606,1
DA:608,1
DA:610,2
DA:613,2
DA:617,1
DA:618,1
DA:619,1
DA:620,1
DA:621,1
DA:622,3
DA:624,1
DA:625,1
DA:627,1
DA:628,1
DA:630,1
DA:633,2
DA:634,1
DA:635,1
DA:639,1
DA:644,1
DA:645,0
DA:649,0
DA:653,1
DA:654,1
DA:658,2
DA:664,3
DA:665,1
DA:669,2
DA:674,3
DA:675,1
DA:677,1
DA:678,1
DA:681,1
DA:685,1
DA:694,4
DA:695,3
DA:696,2
DA:704,1
DA:705,1
DA:706,1
DA:710,1
DA:713,1
DA:714,1
DA:718,1
DA:719,1
DA:722,1
DA:723,1
DA:725,1
DA:726,0
DA:730,0
DA:738,1
DA:739,1
DA:743,2
DA:744,1
DA:745,0
DA:746,0
DA:747,1
DA:749,2
DA:753,1
DA:754,1
DA:755,0
DA:756,0
DA:757,1
DA:759,1
DA:763,1
DA:767,2
DA:774,1
DA:775,1
DA:776,0
DA:777,0
DA:778,1
DA:779,1
DA:782,1
DA:783,1
DA:784,1
DA:786,3
DA:787,1
DA:789,0
DA:791,0
DA:792,0
DA:793,0
DA:795,1
DA:802,1
DA:804,0
DA:810,1
DA:812,1
DA:815,1
DA:817,1
DA:821,1
DA:822,1
DA:826,1
DA:831,2
DA:832,2
DA:833,2
DA:834,2
DA:835,4
DA:838,4
DA:839,2
DA:840,1
DA:843,1
DA:845,0
DA:850,1
DA:851,1
DA:855,1
DA:856,1
DA:857,1
DA:859,1
DA:863,2
DA:866,1
DA:868,1
DA:869,1
DA:872,1
DA:874,1
DA:875,1
DA:877,1
DA:881,2
DA:882,1
DA:886,1
DA:892,1
DA:894,1
DA:895,0
DA:900,1
DA:903,1
DA:905,0
DA:908,1
DA:910,1
DA:911,0
DA:915,1
DA:917,1
DA:921,1
DA:924,1
DA:926,1
DA:927,1
DA:929,1
DA:931,2
DA:932,1
DA:933,2
DA:938,1
DA:939,2
DA:940,1
DA:941,3
DA:946,2
DA:947,1
DA:951,1
DA:960,2
DA:961,2
DA:962,1
DA:964,3
DA:965,1
DA:966,1
DA:968,1
DA:969,4
DA:970,1
DA:971,1
DA:973,3
DA:974,1
DA:975,1
DA:978,1
DA:984,2
DA:985,3
DA:986,2
DA:989,1
DA:993,2
DA:994,2
DA:997,1
DA:998,2
DA:999,1
DA:1000,1
DA:1008,1
DA:1009,2
DA:1010,1
DA:1011,1
DA:1015,1
DA:1016,2
DA:1017,1
DA:1018,1
DA:1022,1
DA:1023,2
DA:1024,2
DA:1025,1
DA:1026,1
DA:1033,1
DA:1038,3
DA:1039,1
DA:1040,2
DA:1041,2
DA:1045,2
DA:1046,2
DA:1047,1
DA:1049,8
DA:1052,1
DA:1055,1
DA:1056,1
DA:1057,1
DA:1059,1
DA:1064,1
DA:1069,1
DA:1071,1
DA:1082,1
DA:1087,1
DA:1088,1
DA:1089,1
DA:1093,2
DA:1094,2
DA:1096,2
DA:1098,2
DA:1099,2
DA:1100,2
DA:1102,2
DA:1103,2
DA:1104,2
DA:1105,1
DA:1106,0
DA:1108,1
DA:1109,0
DA:1111,2
DA:1112,2
DA:1113,2
DA:1114,1
DA:1115,0
DA:1117,2
DA:1121,1
DA:1124,1
DA:1125,3
DA:1126,1
DA:1129,1
DA:1133,1
DA:1134,2
DA:1135,1
DA:1143,1
DA:1148,2
DA:1150,3
DA:1153,1
DA:1158,1
DA:1160,1
DA:1161,0
DA:1162,0
DA:1163,1
DA:1164,0
DA:1165,1
DA:1174,1
DA:1177,2
DA:1178,1
DA:1179,1
DA:1182,2
DA:1183,1
DA:1184,1
DA:1189,1
DA:1190,1
DA:1191,1
DA:1195,1
DA:1196,1
DA:1197,1
DA:1198,1
DA:1202,1
DA:1203,1
DA:1204,1
DA:1206,1
DA:1209,1
DA:1210,2
DA:1211,4
DA:1212,4
DA:1219,1
DA:1224,1
DA:1225,1
DA:1226,1
DA:1227,2
DA:1232,2
DA:1233,2
DA:1234,2
DA:1236,8
DA:1243,1
DA:1246,1
DA:1247,2
DA:1248,4
DA:1249,2
DA:1250,8
DA:1251,2
DA:1252,1
DA:1261,1
DA:1262,1
DA:1267,5
DA:1273,1
DA:1274,3
DA:1275,1
DA:1276,1
DA:1277,2
DA:1278,4
DA:1279,3
DA:1280,3
DA:1282,8
DA:1283,1
DA:1286,1
DA:1288,4
DA:1289,3
DA:1290,8
DA:1291,1
DA:1293,1
DA:1300,1
DA:1301,2
DA:1302,2
DA:1303,8
DA:1304,2
DA:1312,1
DA:1315,3
DA:1324,2
DA:1325,2
DA:1326,2
DA:1335,1
DA:1336,1
DA:1340,4
DA:1344,2
DA:1347,1
DA:1351,1
DA:1366,1
DA:1373,1
DA:1374,3
DA:1375,2
DA:1377,2
DA:1378,3
DA:1379,2
DA:1381,2
DA:1389,2
DA:1390,2
DA:1394,2
DA:1395,1
DA:1396,2
DA:1397,1
DA:1398,2
DA:1399,1
DA:1402,2
DA:1403,1
DA:1406,1
DA:1407,1
DA:1410,2
DA:1415,2
DA:1416,0
DA:1417,0
DA:1421,1
DA:1422,1
DA:1423,0
DA:1424,2
DA:1428,1
DA:1429,2
DA:1434,1
DA:1435,3
DA:1436,1
DA:1444,2
DA:1449,5
DA:1450,1
DA:1458,1
DA:1464,1
DA:1472,1
DA:1473,3
DA:1474,2
DA:1476,2
DA:1477,0
DA:1478,1
DA:1479,2
DA:1482,1
DA:1483,3
DA:1484,1
DA:1485,1
DA:1486,0
DA:1490,0
DA:1496,2
DA:1497,1
DA:1501,2
DA:1509,1
DA:1511,7
DA:1512,3
DA:1513,1
DA:1520,3
DA:1521,1
DA:1522,2
DA:1523,0
DA:1525,0
DA:1527,0
DA:1528,0
DA:1530,0
DA:1533,1
DA:1535,3
DA:1537,1
DA:1546,2
DA:1552,1
DA:1553,1
DA:1554,2
DA:1555,1
DA:1557,1
DA:1559,1
DA:1560,0
DA:1563,3
DA:1567,1
DA:1568,5
DA:1569,1
DA:1571,1
DA:1572,3
DA:1573,0
DA:1580,1
DA:1582,3
DA:1584,1
DA:1586,3
DA:1589,1
LF:626
LH:565
end_of_record
SF:lib/utils/random_factor.dart
DA:20,1
DA:21,3
DA:22,2
DA:26,1
DA:27,4
DA:31,1
DA:32,2
DA:37,1
DA:39,2
DA:40,3
DA:47,2
DA:48,2
DA:49,2
DA:62,1
DA:63,2
DA:66,1
DA:67,1
DA:73,2
DA:74,2
DA:75,4
DA:76,1
DA:80,1
DA:81,1
DA:86,0
DA:87,0
DA:88,0
DA:89,0
DA:90,0
DA:91,0
DA:92,0
DA:97,0
DA:98,0
DA:102,0
DA:103,0
DA:104,0
DA:105,0
DA:108,0
DA:110,0
DA:112,0
DA:124,1
DA:126,2
DA:129,4
DA:130,1
DA:136,2
DA:137,2
DA:138,2
DA:141,1
DA:142,0
DA:147,2
DA:148,2
DA:149,1
DA:150,2
DA:151,2
DA:155,1
DA:156,0
DA:160,3
DA:161,3
DA:162,1
DA:163,1
DA:165,2
DA:166,2
DA:168,1
DA:181,1
DA:182,1
DA:184,2
DA:185,1
DA:186,2
DA:188,2
DA:189,2
DA:190,2
DA:191,5
DA:200,1
DA:201,1
DA:202,1
DA:204,2
DA:205,2
LF:76
LH:58
end_of_record
SF:lib/utils/type_effectiveness.dart
DA:5,1
DA:6,2
DA:11,2
DA:12,1
DA:13,4
DA:23,2
DA:33,2
DA:34,4
DA:35,4
DA:36,0
DA:43,2
DA:44,2
DA:45,2
DA:47,1
DA:50,4
DA:51,4
DA:73,2
DA:79,2
DA:81,2
DA:82,2
DA:83,0
LF:21
LH:19
end_of_record
SF:lib/utils/speed_tier.dart
DA:14,1
DA:18,1
DA:26,1
DA:27,1
DA:28,1
DA:30,2
DA:31,1
DA:34,1
DA:38,1
DA:40,1
DA:44,1
DA:46,1
DA:50,1
DA:52,1
DA:53,1
DA:54,1
DA:57,1
DA:62,1
DA:65,2
DA:66,4
DA:74,2
DA:75,4
DA:83,2
DA:84,4
DA:92,2
DA:93,4
DA:101,2
DA:102,4
DA:110,2
DA:111,4
DA:118,1
DA:121,2
DA:123,0
DA:126,1
DA:127,2
DA:128,0
DA:129,0
DA:132,2
DA:133,2
DA:134,0
DA:135,0
DA:138,1
DA:143,1
DA:144,1
DA:145,1
DA:146,1
DA:148,1
DA:150,1
DA:151,1
DA:155,4
DA:156,1
DA:160,1
DA:161,1
DA:166,0
DA:169,0
DA:170,0
LF:56
LH:48
end_of_record
SF:lib/utils/room_effects.dart
DA:9,1
DA:17,1
DA:21,1
DA:22,2
DA:36,1
DA:46,1
DA:54,1
DA:55,1
LF:8
LH:8
end_of_record
SF:lib/utils/champions_mode.dart
DA:13,0
DA:48,1
DA:49,1
DA:50,3
DA:55,1
DA:56,1
DA:57,3
DA:61,2
DA:62,2
DA:63,2
DA:64,2
DA:65,2
DA:66,2
DA:67,2
DA:71,2
DA:72,2
DA:73,2
DA:74,2
DA:75,2
DA:76,2
DA:77,2
DA:85,1
DA:86,11
DA:89,1
DA:90,2
DA:91,4
DA:92,4
DA:93,4
DA:94,6
DA:95,6
DA:100,3
DA:103,3
DA:106,3
DA:109,0
DA:110,0
DA:111,0
LF:36
LH:32
end_of_record
SF:lib/utils/korean_search.dart
DA:21,0
DA:22,0
DA:23,0
DA:24,0
DA:25,0
DA:26,0
DA:27,0
DA:28,0
DA:32,0
DA:34,0
DA:37,0
DA:38,0
DA:41,0
DA:44,0
DA:45,0
DA:48,0
DA:51,0
DA:52,0
DA:53,0
DA:54,0
DA:58,0
DA:59,0
DA:60,0
DA:61,0
DA:65,0
DA:73,0
DA:79,0
DA:80,0
DA:81,0
DA:82,0
DA:83,0
DA:84,0
DA:94,3
DA:97,3
DA:100,3
DA:103,3
DA:106,0
DA:107,0
DA:108,0
DA:112,1
DA:134,1
DA:141,1
DA:142,1
DA:144,1
DA:145,1
DA:148,1
DA:151,1
DA:154,1
DA:157,1
DA:160,1
DA:169,0
DA:170,0
DA:171,0
DA:172,0
DA:173,0
DA:174,0
DA:176,0
DA:182,0
DA:183,0
DA:184,0
DA:185,0
DA:186,0
DA:187,0
DA:188,0
DA:189,0
DA:190,0
DA:191,0
DA:193,0
DA:199,0
DA:200,0
DA:201,0
DA:203,0
DA:204,0
DA:205,0
DA:206,0
DA:207,0
DA:208,0
DA:209,0
DA:210,0
DA:211,0
DA:213,0
DA:223,1
DA:224,2
DA:225,2
DA:227,3
DA:229,3
DA:230,1
DA:231,1
DA:233,3
DA:235,1
DA:238,1
DA:246,1
DA:247,1
DA:250,2
DA:251,2
DA:252,3
DA:257,2
DA:258,1
DA:259,3
DA:267,1
DA:268,2
DA:269,2
DA:271,3
DA:273,3
DA:274,1
DA:275,1
DA:277,1
DA:279,1
DA:280,1
DA:281,3
DA:282,3
DA:284,0
DA:287,1
DA:294,1
DA:295,2
DA:296,2
DA:298,4
DA:299,2
DA:300,1
LF:119
LH:52
end_of_record
