SF:lib/data/movedex.dart
DA:23,2
DA:24,0
DA:25,8
DA:28,2
DA:29,4
DA:30,4
DA:31,2
DA:32,8
DA:35,2
DA:36,6
DA:37,8
DA:42,2
DA:43,2
DA:44,8
DA:49,0
LF:15
LH:13
end_of_record
SF:lib/data/pokedex.dart
DA:30,0
DA:34,2
DA:35,0
DA:36,2
DA:39,2
DA:41,4
DA:42,4
DA:43,2
DA:44,8
DA:47,2
DA:48,6
DA:52,2
DA:53,6
DA:59,0
DA:60,0
LF:15
LH:11
end_of_record
SF:lib/models/battle_pokemon.dart
DA:27,0
DA:28,0
DA:89,2
DA:140,2
DA:147,2
DA:148,2
DA:149,2
DA:150,2
DA:151,2
DA:152,2
DA:153,2
DA:155,0
DA:156,0
DA:157,0
DA:158,0
DA:159,0
DA:160,0
DA:161,0
DA:162,0
DA:163,0
DA:164,0
DA:165,0
DA:166,0
DA:167,0
DA:168,0
DA:169,0
DA:170,0
DA:171,0
DA:172,0
DA:173,0
DA:174,0
DA:175,0
DA:176,0
DA:177,0
DA:178,0
DA:179,0
DA:180,0
DA:181,0
DA:182,0
DA:183,0
DA:184,0
DA:185,0
DA:186,0
DA:187,0
DA:188,0
DA:189,0
DA:190,0
DA:191,0
DA:192,0
DA:193,0
DA:194,0
DA:195,0
DA:196,0
DA:197,0
DA:198,0
DA:199,0
DA:200,0
DA:201,0
DA:202,0
DA:205,0
DA:206,0
DA:207,0
DA:208,0
DA:209,0
DA:210,0
DA:211,0
DA:212,0
DA:213,0
DA:214,0
DA:215,0
DA:216,0
DA:217,0
DA:219,0
DA:220,0
DA:222,0
DA:223,0
DA:224,0
DA:225,0
DA:226,0
DA:227,0
DA:228,0
DA:229,0
DA:230,0
DA:231,0
DA:232,0
DA:233,0
DA:234,0
DA:235,0
DA:236,0
DA:237,0
DA:238,0
DA:240,0
DA:241,0
DA:242,0
DA:244,0
DA:245,0
DA:246,0
DA:247,0
DA:248,0
DA:249,0
DA:250,0
DA:251,0
DA:252,0
DA:253,0
DA:254,0
DA:255,0
DA:256,0
DA:257,0
DA:258,0
DA:259,0
DA:260,0
DA:261,0
DA:262,0
DA:263,0
DA:264,0
DA:268,0
DA:269,0
DA:270,0
DA:271,0
DA:272,0
DA:273,0
DA:274,0
DA:275,0
DA:276,0
DA:277,0
DA:278,0
DA:279,0
DA:280,0
DA:281,0
DA:284,0
DA:285,0
DA:286,0
DA:287,0
DA:288,0
DA:291,0
DA:294,0
DA:295,0
DA:296,0
DA:297,0
DA:298,0
DA:299,0
DA:300,0
DA:301,0
DA:302,0
DA:303,0
DA:304,0
DA:305,0
DA:306,0
DA:307,0
DA:308,0
DA:309,0
DA:310,0
DA:311,0
DA:312,0
DA:313,0
DA:314,0
DA:315,0
DA:316,0
DA:317,0
DA:318,0
DA:319,0
DA:320,0
DA:321,0
DA:325,2
DA:326,4
DA:327,4
DA:328,4
DA:329,4
DA:330,4
DA:331,4
DA:332,4
DA:333,4
DA:334,4
DA:335,2
DA:336,2
DA:337,2
DA:338,0
DA:340,4
DA:341,6
DA:342,2
DA:343,4
DA:344,0
DA:345,4
DA:346,2
DA:348,2
DA:350,4
DA:351,4
DA:352,2
DA:353,4
DA:354,4
DA:355,4
DA:356,8
DA:357,4
DA:358,2
DA:359,0
DA:361,2
DA:363,4
DA:364,0
DA:367,2
DA:375,2
DA:376,4
DA:380,2
DA:386,0
DA:387,0
DA:388,0
DA:389,0
DA:396,0
DA:397,0
DA:398,0
DA:399,0
DA:400,0
DA:406,0
DA:407,0
DA:409,0
DA:415,0
DA:416,0
DA:417,0
DA:418,0
DA:419,0
DA:423,0
DA:424,0
DA:431,0
DA:436,2
DA:437,4
DA:438,4
DA:439,4
DA:440,4
DA:441,4
DA:442,4
DA:443,4
DA:448,2
DA:450,2
DA:451,2
LF:233
LH:55
end_of_record
SF:lib/models/move.dart
DA:41,2
DA:63,0
DA:64,0
DA:66,0
DA:69,6
DA:74,0
DA:75,0
DA:76,0
DA:78,0
DA:81,6
DA:84,0
DA:86,2
DA:100,2
DA:101,2
DA:102,2
DA:103,2
DA:104,2
DA:105,2
DA:106,2
DA:107,2
DA:108,2
DA:109,2
DA:110,2
DA:111,2
DA:112,2
DA:113,2
DA:114,2
DA:115,2
DA:116,2
DA:120,0
DA:121,0
DA:122,0
DA:123,0
DA:124,0
DA:125,0
DA:126,0
DA:127,0
DA:128,0
DA:129,0
DA:130,0
DA:131,0
DA:132,0
DA:133,0
DA:134,0
DA:135,0
DA:136,0
DA:139,2
DA:140,2
DA:141,2
DA:142,2
DA:143,2
DA:144,2
DA:145,4
DA:146,4
DA:147,2
DA:148,2
DA:149,2
DA:150,2
DA:151,4
DA:153,2
DA:154,4
DA:156,2
DA:157,2
DA:158,2
DA:159,2
DA:160,4
DA:162,2
DA:163,2
DA:164,2
DA:165,2
LF:70
LH:45
end_of_record
SF:lib/models/move_tags.dart
DA:3,0
LF:1
LH:0
end_of_record
SF:lib/models/nature.dart
DA:34,0
DA:35,0
DA:36,0
DA:39,0
DA:40,0
DA:41,0
DA:42,0
DA:43,0
LF:8
LH:0
end_of_record
SF:lib/models/nature_profile.dart
DA:15,0
DA:17,0
DA:18,0
DA:19,0
DA:20,0
DA:21,0
DA:22,0
DA:23,0
DA:24,0
DA:25,0
DA:26,0
DA:39,2
DA:43,0
DA:44,0
DA:45,0
DA:46,0
DA:50,2
DA:51,4
DA:52,4
DA:58,4
DA:59,4
DA:60,4
DA:61,4
DA:62,4
DA:67,0
DA:68,0
DA:69,0
DA:71,0
DA:72,0
DA:73,0
DA:74,0
DA:75,0
DA:84,0
DA:85,0
DA:86,0
DA:87,0
DA:88,0
DA:89,0
DA:90,0
DA:91,0
DA:92,0
DA:93,0
DA:96,0
DA:125,2
DA:153,2
DA:154,2
DA:157,0
DA:158,0
DA:159,0
DA:165,0
DA:167,0
DA:169,0
DA:174,0
DA:175,0
DA:176,0
DA:177,0
DA:180,0
DA:185,0
DA:190,0
DA:192,0
DA:194,0
DA:195,0
LF:62
LH:12
end_of_record
SF:lib/models/rank.dart
DA:12,2
DA:18,8
DA:19,8
DA:20,8
DA:21,8
DA:22,8
DA:24,6
DA:25,6
DA:26,6
DA:27,6
DA:28,6
DA:30,0
DA:36,0
DA:37,0
DA:38,0
DA:39,0
DA:40,0
DA:41,0
DA:44,0
DA:45,0
DA:46,0
DA:47,0
DA:48,0
DA:49,0
DA:52,0
DA:53,0
DA:54,0
DA:55,0
DA:56,0
DA:57,0
DA:58,0
DA:62,2
DA:63,2
DA:64,4
DA:66,6
LF:35
LH:15
end_of_record
SF:lib/models/room.dart
DA:8,2
DA:15,0
DA:17,0
DA:23,0
DA:24,0
DA:25,0
DA:26,0
DA:27,0
LF:8
LH:1
end_of_record
SF:lib/models/stats.dart
DA:10,2
DA:19,2
DA:20,2
DA:21,2
DA:22,2
DA:23,2
DA:24,2
DA:25,2
DA:26,2
DA:30,0
DA:37,0
DA:38,0
DA:39,0
DA:40,0
DA:41,0
DA:42,0
DA:43,0
DA:46,0
DA:47,0
DA:48,0
DA:49,0
DA:50,0
DA:51,0
DA:52,0
LF:24
LH:9
end_of_record
SF:lib/models/status.dart
DA:13,0
LF:1
LH:0
end_of_record
SF:lib/utils/damage_calculator.dart
DA:56,8
DA:81,6
DA:86,2
DA:88,4
DA:89,2
DA:90,6
DA:93,2
DA:99,2
DA:100,6
DA:138,2
DA:152,0
DA:153,0
DA:154,0
DA:155,0
DA:157,0
DA:158,0
DA:159,0
DA:160,0
DA:164,0
DA:165,0
DA:166,0
DA:168,0
DA:172,0
DA:173,0
DA:174,0
DA:179,0
DA:180,0
DA:181,0
DA:183,0
DA:185,0
DA:190,0
DA:191,0
DA:192,0
DA:193,0
DA:200,0
DA:201,0
DA:202,0
DA:205,0
DA:206,0
DA:207,0
DA:208,0
DA:209,0
DA:210,0
DA:212,0
DA:215,0
DA:219,0
DA:220,0
DA:221,0
DA:222,0
DA:223,0
DA:224,0
DA:225,0
DA:227,0
DA:229,0
DA:232,0
DA:250,1
DA:252,1
DA:255,1
DA:257,3
DA:261,1
DA:263,1
DA:266,1
DA:271,1
DA:277,2
DA:291,4
DA:299,2
DA:302,2
DA:303,4
DA:304,4
DA:305,4
DA:308,4
DA:313,2
DA:314,4
DA:315,2
DA:316,2
DA:319,2
DA:321,2
DA:323,2
DA:324,0
DA:325,0
DA:328,2
DA:330,2
DA:331,0
DA:332,0
DA:336,2
DA:337,2
DA:338,0
DA:345,4
DA:346,2
DA:347,6
DA:348,6
DA:352,4
DA:353,4
DA:354,6
DA:355,4
DA:356,0
DA:357,0
DA:358,2
DA:359,6
DA:360,2
DA:361,2
DA:362,2
DA:363,2
DA:365,2
DA:366,2
DA:367,2
DA:368,2
DA:369,2
DA:370,2
DA:372,2
DA:375,2
DA:376,2
DA:377,2
DA:379,2
DA:380,2
DA:381,2
DA:382,4
DA:383,4
DA:384,2
DA:385,2
DA:386,2
DA:387,2
DA:388,2
DA:389,2
DA:390,2
DA:391,2
DA:395,2
DA:398,4
DA:399,2
DA:401,2
DA:402,2
DA:408,2
DA:409,0
DA:410,0
DA:411,0
DA:413,0
DA:414,0
DA:415,0
DA:417,0
DA:418,0
DA:419,0
DA:422,0
DA:430,3
DA:431,0
DA:434,0
DA:436,0
DA:441,2
DA:442,0
DA:443,0
DA:448,0
DA:453,2
DA:454,2
DA:455,1
DA:459,2
DA:460,0
DA:467,4
DA:468,2
DA:469,4
DA:470,0
DA:478,4
DA:483,2
DA:485,2
DA:488,2
DA:490,2
DA:491,2
DA:494,2
DA:496,2
DA:498,2
DA:501,2
DA:506,4
DA:514,4
DA:515,2
DA:516,4
DA:517,4
DA:526,2
DA:529,2
DA:530,2
DA:537,2
DA:538,6
DA:539,4
DA:543,2
DA:546,2
DA:547,2
DA:549,4
DA:552,2
DA:555,2
DA:556,2
DA:557,2
DA:558,2
DA:562,2
DA:564,2
DA:565,6
DA:566,4
DA:583,4
DA:584,4
DA:585,2
DA:608,2
DA:616,2
DA:617,6
DA:618,6
DA:619,4
DA:620,6
DA:632,1
DA:633,2
DA:636,2
DA:637,2
DA:638,2
DA:639,2
DA:641,2
DA:644,2
DA:648,2
DA:652,6
DA:656,2
DA:657,2
DA:661,2
DA:664,2
DA:665,6
DA:666,4
DA:670,2
DA:671,1
DA:672,2
DA:673,2
DA:674,2
DA:679,4
DA:680,4
DA:684,3
DA:693,2
DA:695,0
DA:700,2
DA:701,2
DA:702,2
DA:703,7
DA:705,2
DA:706,1
DA:707,3
DA:708,4
DA:712,2
DA:713,2
DA:716,2
DA:719,2
DA:721,2
DA:723,4
DA:726,4
DA:730,2
DA:731,2
DA:732,0
DA:733,2
DA:734,0
DA:735,3
DA:737,2
DA:738,0
DA:740,2
DA:741,0
DA:743,2
DA:746,4
DA:747,1
DA:748,0
DA:752,0
DA:757,2
DA:758,0
DA:762,0
DA:766,2
DA:767,0
DA:771,0
DA:777,4
DA:778,0
DA:782,0
DA:787,4
DA:788,0
DA:790,0
DA:791,0
DA:794,0
DA:798,0
DA:807,4
DA:808,0
DA:809,0
DA:817,2
DA:818,2
DA:819,2
DA:823,2
DA:826,2
DA:827,2
DA:831,2
DA:832,1
DA:835,1
DA:836,1
DA:838,0
DA:839,0
DA:843,0
DA:851,2
DA:852,0
DA:856,0
DA:857,0
DA:858,0
DA:859,0
DA:860,0
DA:862,0
DA:866,0
DA:867,0
DA:868,0
DA:869,0
DA:870,0
DA:872,0
DA:876,0
DA:880,0
DA:887,2
DA:888,0
DA:889,0
DA:890,0
DA:891,0
DA:892,0
DA:895,0
DA:896,0
DA:897,0
DA:899,0
DA:900,0
DA:902,0
DA:904,0
DA:905,0
DA:906,0
DA:908,0
DA:915,2
DA:917,0
DA:923,2
DA:925,2
DA:928,2
DA:930,0
DA:934,2
DA:935,0
DA:939,0
DA:944,4
DA:945,4
DA:946,4
DA:947,4
DA:948,8
DA:951,8
DA:952,4
DA:953,2
DA:956,2
DA:958,2
DA:963,2
DA:964,2
DA:968,2
DA:969,2
DA:970,0
DA:972,0
DA:976,0
DA:983,4
DA:984,4
DA:985,6
DA:986,2
DA:987,4
DA:990,2
DA:991,2
DA:996,4
DA:997,0
DA:998,0
DA:999,2
DA:1000,0
DA:1003,2
DA:1004,2
DA:1006,2
DA:1012,4
DA:1013,1
DA:1014,1
DA:1018,2
DA:1024,2
DA:1026,2
DA:1027,2
DA:1032,2
DA:1035,2
DA:1037,1
DA:1040,2
DA:1042,2
DA:1043,1
DA:1047,2
DA:1049,1
DA:1056,2
DA:1059,2
DA:1061,1
DA:1062,1
DA:1064,1
DA:1066,4
DA:1067,1
DA:1068,1
DA:1073,2
DA:1074,2
DA:1075,1
DA:1076,3
DA:1081,2
DA:1082,0
DA:1086,0
DA:1095,3
DA:1096,2
DA:1097,1
DA:1099,4
DA:1100,1
DA:1101,1
DA:1103,2
DA:1104,0
DA:1105,0
DA:1106,0
DA:1108,2
DA:1109,0
DA:1110,0
DA:1113,2
DA:1119,4
DA:1120,6
DA:1121,4
DA:1124,2
DA:1128,4
DA:1129,4
DA:1132,2
DA:1133,0
DA:1134,0
DA:1135,0
DA:1143,2
DA:1144,0
DA:1145,0
DA:1146,0
DA:1150,2
DA:1151,0
DA:1152,0
DA:1153,0
DA:1157,2
DA:1158,0
DA:1159,0
DA:1160,0
DA:1161,0
DA:1168,2
DA:1191,6
DA:1192,2
DA:1193,2
DA:1194,1
DA:1198,4
DA:1210,2
DA:1211,4
DA:1212,10
DA:1213,7
DA:1214,2
DA:1215,0
DA:1217,6
DA:1219,2
DA:1220,0
DA:1221,0
DA:1226,2
DA:1227,2
DA:1228,0
DA:1233,4
DA:1234,1
DA:1236,4
DA:1237,4
DA:1242,1
DA:1245,2
DA:1247,16
DA:1255,2
DA:1256,4
DA:1258,2
DA:1261,4
DA:1265,2
DA:1268,2
DA:1269,2
DA:1270,2
DA:1272,2
DA:1277,2
DA:1293,2
DA:1295,2
DA:1300,2
DA:1301,2
DA:1302,2
DA:1307,2
DA:1308,4
DA:1309,2
DA:1310,2
DA:1312,4
DA:1313,4
DA:1314,4
DA:1315,6
DA:1317,4
DA:1318,4
DA:1319,2
DA:1323,2
DA:1324,1
DA:1326,2
DA:1329,4
DA:1339,6
DA:1341,6
DA:1343,2
DA:1344,1
DA:1348,8
DA:1352,2
DA:1355,2
DA:1356,2
DA:1357,2
DA:1360,2
DA:1364,2
DA:1365,4
DA:1366,2
DA:1374,2
DA:1379,4
DA:1381,0
DA:1384,0
DA:1389,2
DA:1391,1
DA:1392,0
DA:1393,0
DA:1394,1
DA:1395,0
DA:1396,1
DA:1405,1
DA:1408,2
DA:1409,0
DA:1410,0
DA:1413,2
DA:1414,0
DA:1415,0
DA:1420,1
DA:1421,0
DA:1422,0
DA:1426,1
DA:1427,0
DA:1428,0
DA:1429,0
DA:1433,1
DA:1434,0
DA:1435,0
DA:1437,1
DA:1440,1
DA:1441,2
DA:1442,1
DA:1443,1
DA:1450,0
DA:1455,1
DA:1456,1
DA:1457,1
DA:1458,2
DA:1463,2
DA:1464,2
DA:1465,2
DA:1467,0
DA:1474,1
DA:1483,1
DA:1484,2
DA:1485,2
DA:1486,2
DA:1487,0
DA:1490,3
DA:1491,2
DA:1492,8
DA:1493,2
DA:1494,1
DA:1503,0
DA:1504,0
DA:1509,0
DA:1515,0
DA:1516,0
DA:1517,0
DA:1518,0
DA:1519,0
DA:1520,0
DA:1521,0
DA:1522,0
DA:1524,0
DA:1525,0
DA:1528,0
DA:1530,0
DA:1531,0
DA:1532,0
DA:1533,0
DA:1535,0
DA:1542,0
DA:1543,0
DA:1544,0
DA:1545,0
DA:1546,0
DA:1554,0
DA:1557,3
DA:1566,2
DA:1567,2
DA:1568,2
DA:1577,1
DA:1578,1
DA:1582,8
DA:1586,0
DA:1589,2
DA:1593,2
DA:1608,0
DA:1615,0
DA:1616,0
DA:1617,0
DA:1619,0
DA:1620,0
DA:1621,0
DA:1623,0
DA:1631,0
DA:1632,0
DA:1636,0
DA:1637,0
DA:1638,0
DA:1639,0
DA:1640,0
DA:1641,0
DA:1644,0
DA:1645,0
DA:1648,0
DA:1649,0
DA:1652,0
DA:1657,0
DA:1658,0
DA:1659,0
DA:1663,0
DA:1664,0
DA:1665,0
DA:1666,0
DA:1670,0
DA:1671,0
DA:1676,0
DA:1677,0
DA:1678,0
DA:1686,0
DA:1691,0
DA:1692,0
DA:1700,0
DA:1706,0
DA:1714,0
DA:1715,0
DA:1716,0
DA:1718,0
DA:1719,0
DA:1720,0
DA:1721,0
DA:1724,0
DA:1725,0
DA:1726,0
DA:1727,0
DA:1728,0
DA:1732,0
DA:1738,0
DA:1739,0
DA:1743,0
DA:1751,0
DA:1753,0
DA:1754,0
DA:1755,0
DA:1762,0
DA:1763,0
DA:1764,0
DA:1765,0
DA:1767,0
DA:1769,0
DA:1770,0
DA:1772,0
DA:1775,0
DA:1777,0
DA:1779,0
DA:1788,0
DA:1794,0
DA:1795,0
DA:1796,0
DA:1797,0
DA:1799,0
DA:1801,0
DA:1802,0
DA:1805,0
DA:1809,0
DA:1810,0
DA:1811,0
DA:1813,0
DA:1814,0
DA:1815,0
DA:1822,0
DA:1824,0
DA:1826,0
DA:1828,0
DA:1831,0
LF:675
LH:384
end_of_record
SF:lib/models/terastal.dart
DA:8,2
DA:10,0
DA:11,0
DA:12,0
DA:13,0
DA:18,0
DA:20,0
DA:21,0
DA:22,0
DA:25,0
DA:26,0
DA:27,0
DA:28,0
DA:29,0
LF:14
LH:1
end_of_record
SF:lib/utils/aura_effects.dart
DA:36,2
DA:42,0
DA:46,0
DA:51,0
DA:52,0
DA:53,0
DA:54,0
DA:65,2
DA:77,2
DA:84,2
DA:86,2
DA:87,2
DA:89,2
DA:90,2
DA:92,2
DA:93,2
DA:106,2
DA:112,3
DA:113,3
DA:118,2
DA:119,0
DA:125,0
DA:126,0
DA:128,0
DA:130,0
DA:133,0
DA:136,0
DA:138,0
DA:140,0
LF:29
LH:14
end_of_record
SF:lib/utils/ruin_effects.dart
DA:32,2
DA:39,0
DA:40,0
DA:44,0
DA:50,0
DA:51,0
DA:52,0
DA:53,0
DA:54,0
DA:66,2
DA:79,2
DA:87,2
DA:89,2
DA:90,2
DA:92,2
DA:93,2
DA:95,2
DA:96,2
DA:98,2
DA:99,2
DA:108,2
DA:117,2
DA:119,2
DA:120,2
DA:124,2
DA:125,0
DA:126,0
DA:127,0
DA:129,1
DA:130,0
DA:131,0
DA:132,0
DA:137,2
DA:138,0
DA:139,0
DA:140,0
DA:142,1
DA:143,0
DA:144,0
DA:145,0
LF:40
LH:20
end_of_record
SF:lib/utils/battle_facade.dart
DA:35,2
DA:38,2
DA:39,0
DA:44,2
DA:47,0
DA:83,2
DA:103,0
DA:110,2
DA:116,2
DA:117,2
DA:118,2
DA:119,2
DA:120,2
DA:121,2
DA:122,2
DA:125,4
DA:127,4
DA:129,2
DA:130,2
DA:131,2
DA:132,2
DA:133,2
DA:135,2
DA:138,4
DA:139,2
DA:149,0
DA:170,0
DA:176,0
DA:177,0
DA:178,0
DA:181,0
DA:184,0
DA:195,0
DA:198,0
DA:199,0
DA:201,0
DA:203,0
DA:205,0
DA:210,0
DA:211,0
DA:213,0
DA:214,0
DA:215,0
DA:217,0
DA:220,0
DA:221,0
DA:222,0
DA:226,0
DA:227,0
DA:228,0
DA:229,0
DA:230,0
DA:231,0
DA:232,0
DA:235,0
DA:238,0
DA:241,0
DA:242,0
DA:243,0
DA:244,0
DA:261,0
DA:265,0
DA:266,0
DA:267,0
DA:268,0
DA:269,0
DA:270,0
DA:272,0
DA:279,0
DA:280,0
DA:281,0
DA:293,0
DA:310,0
DA:311,0
DA:312,0
DA:313,0
DA:316,0
DA:317,0
DA:318,0
DA:319,0
DA:334,0
DA:338,0
DA:365,0
DA:372,0
DA:373,0
DA:376,0
DA:377,0
DA:380,0
DA:383,0
DA:386,0
DA:397,0
DA:401,0
DA:403,0
DA:407,0
DA:412,0
DA:414,0
DA:415,0
DA:417,0
DA:418,0
DA:421,0
DA:424,0
DA:425,0
DA:426,0
DA:427,0
DA:430,0
DA:433,0
DA:446,0
DA:447,0
DA:448,0
DA:449,0
DA:451,0
DA:452,0
DA:454,0
DA:457,0
DA:458,0
DA:462,0
DA:463,0
DA:467,0
DA:469,0
DA:472,0
DA:474,0
DA:475,0
DA:478,0
DA:481,0
DA:483,0
DA:490,0
DA:493,0
DA:494,0
DA:495,0
DA:497,0
DA:500,0
DA:501,0
DA:502,0
DA:503,0
DA:505,0
DA:506,0
DA:509,0
DA:510,0
DA:511,0
DA:512,0
DA:513,0
DA:514,0
DA:519,0
DA:524,0
DA:529,0
DA:530,0
DA:532,0
DA:533,0
DA:534,0
DA:535,0
DA:536,0
DA:538,0
DA:539,0
DA:540,0
DA:541,0
DA:555,0
DA:564,0
DA:566,0
DA:570,0
DA:572,0
DA:573,0
DA:574,0
DA:575,0
DA:576,0
DA:578,0
DA:579,0
DA:580,0
DA:581,0
DA:582,0
DA:583,0
DA:584,0
DA:585,0
DA:586,0
DA:587,0
DA:589,0
DA:590,0
DA:591,0
DA:592,0
DA:593,0
DA:596,0
DA:598,0
DA:599,0
DA:609,0
DA:610,0
DA:611,0
DA:612,0
DA:613,0
DA:614,0
DA:615,0
DA:620,2
DA:621,2
DA:622,6
DA:624,4
DA:628,0
DA:646,0
DA:647,0
DA:648,0
DA:649,0
DA:650,0
DA:651,0
DA:652,0
DA:653,0
DA:657,0
DA:660,0
DA:661,0
DA:662,0
DA:663,0
DA:664,0
DA:665,0
DA:666,0
DA:667,0
DA:668,0
DA:671,0
DA:672,0
DA:673,0
DA:677,0
DA:678,0
LF:217
LH:26
end_of_record
SF:lib/utils/stat_calculator.dart
DA:9,2
DA:17,2
DA:18,2
DA:19,8
DA:20,8
DA:21,4
DA:22,8
DA:23,4
DA:24,8
DA:25,4
DA:26,8
DA:27,4
DA:28,8
DA:29,4
DA:34,2
DA:35,16
DA:39,2
DA:41,14
DA:42,4
DA:43,4
LF:20
LH:20
end_of_record
SF:lib/utils/ability_effects.dart
DA:68,2
DA:89,2
DA:103,2
DA:104,2
DA:105,0
DA:116,2
DA:118,2
DA:127,2
DA:143,2
DA:144,2
DA:147,2
DA:150,2
DA:151,0
DA:161,2
DA:167,2
DA:168,2
DA:172,2
DA:173,1
DA:178,2
DA:179,2
DA:180,2
DA:181,2
DA:182,2
DA:183,1
DA:184,1
DA:185,0
DA:188,2
DA:189,0
DA:190,0
DA:195,2
DA:199,2
DA:200,2
DA:204,2
DA:205,0
DA:216,2
DA:217,2
DA:218,2
DA:219,2
DA:220,1
DA:221,2
DA:222,0
DA:223,0
DA:227,2
DA:228,1
DA:229,2
DA:230,0
DA:235,2
DA:236,2
DA:240,2
DA:241,1
DA:242,2
DA:243,2
DA:244,2
DA:247,2
DA:248,0
DA:252,2
DA:253,0
DA:257,2
DA:258,0
DA:264,2
DA:265,0
DA:266,0
DA:268,0
DA:270,2
DA:271,0
DA:272,0
DA:274,0
DA:278,2
DA:279,2
DA:280,2
DA:281,2
DA:288,1
DA:289,1
DA:290,2
DA:298,2
DA:304,4
DA:309,2
DA:310,1
DA:313,2
DA:314,1
DA:320,2
DA:328,2
DA:332,2
DA:333,1
DA:337,2
DA:342,2
DA:343,1
DA:344,1
DA:347,2
DA:350,2
DA:351,1
DA:356,2
DA:357,0
DA:363,2
DA:373,1
DA:375,1
DA:381,2
DA:383,2
DA:385,2
DA:389,2
DA:390,0
DA:393,2
DA:394,0
DA:397,2
DA:398,0
DA:401,2
DA:402,0
DA:405,2
DA:406,0
DA:409,2
DA:410,0
DA:413,2
DA:419,2
DA:420,2
DA:421,2
DA:422,2
DA:423,2
DA:424,2
DA:428,2
DA:429,0
DA:432,2
DA:433,0
DA:447,2
DA:461,2
DA:469,2
DA:473,2
DA:474,1
DA:477,2
DA:478,0
DA:481,2
DA:482,0
DA:485,2
DA:486,0
DA:487,0
DA:488,0
DA:491,2
DA:492,0
DA:493,0
DA:494,0
DA:507,2
DA:519,2
DA:521,2
DA:522,2
DA:523,2
DA:525,1
DA:527,1
DA:529,2
DA:530,1
DA:541,2
DA:543,2
DA:545,2
DA:546,4
DA:549,2
DA:550,1
DA:551,2
DA:552,2
DA:553,2
DA:554,2
DA:565,2
DA:567,2
DA:568,0
DA:569,2
DA:570,0
DA:571,2
DA:572,0
DA:579,2
DA:593,4
DA:600,2
DA:607,2
DA:610,4
DA:623,0
DA:656,0
DA:657,0
DA:658,0
DA:659,0
DA:660,0
DA:661,0
DA:662,0
DA:668,0
DA:669,0
DA:670,0
DA:671,0
DA:672,0
DA:673,0
DA:676,0
DA:678,0
DA:679,0
DA:680,0
DA:681,0
DA:682,0
DA:683,0
DA:686,0
DA:690,0
DA:692,0
DA:694,0
DA:696,0
DA:698,0
DA:715,2
DA:716,2
DA:722,2
DA:723,2
DA:724,2
DA:731,2
DA:732,2
DA:738,0
DA:743,0
DA:785,2
DA:787,2
DA:788,1
DA:798,2
DA:813,2
DA:814,0
DA:815,0
DA:816,0
DA:817,0
DA:818,0
DA:819,0
DA:820,0
DA:821,0
DA:822,0
DA:823,0
DA:824,0
DA:825,0
DA:831,2
DA:832,3
DA:833,5
DA:834,2
DA:835,4
DA:836,4
DA:837,4
DA:838,2
DA:839,2
DA:850,2
DA:860,2
DA:861,0
DA:862,0
DA:863,0
DA:864,0
DA:871,1
DA:872,1
DA:874,1
DA:876,1
DA:882,2
DA:883,2
DA:884,4
DA:885,2
DA:886,4
DA:887,2
DA:899,2
DA:908,2
DA:909,4
DA:910,2
DA:911,1
DA:916,2
DA:917,4
DA:918,1
DA:927,2
DA:934,4
DA:939,4
DA:940,0
DA:952,2
DA:962,2
DA:964,0
DA:965,0
DA:967,0
DA:968,0
DA:970,0
DA:978,2
DA:980,0
DA:982,0
DA:984,0
DA:986,0
DA:994,2
DA:1006,0
DA:1011,2
DA:1012,0
DA:1013,0
DA:1014,0
DA:1026,0
DA:1027,0
DA:1032,0
DA:1033,0
DA:1036,0
DA:1037,0
DA:1043,2
DA:1049,2
DA:1050,0
DA:1051,0
DA:1060,2
DA:1061,2
DA:1066,2
DA:1071,4
DA:1076,0
DA:1077,0
DA:1082,4
DA:1116,2
DA:1117,2
DA:1118,2
LF:298
LH:191
end_of_record
SF:lib/utils/move_transform.dart
DA:80,2
DA:122,2
DA:126,2
DA:127,2
DA:128,2
DA:129,2
DA:130,1
DA:131,1
DA:132,1
DA:133,1
DA:134,1
DA:135,3
DA:136,1
DA:137,0
DA:151,2
DA:153,4
DA:154,6
DA:158,8
DA:159,1
DA:164,4
DA:165,0
DA:167,0
DA:168,0
DA:169,0
DA:172,0
DA:180,4
DA:181,4
DA:182,2
DA:183,3
DA:184,1
DA:188,4
DA:189,2
DA:192,4
DA:193,0
DA:197,4
DA:198,0
DA:200,0
DA:202,0
DA:204,0
DA:207,0
DA:211,4
DA:212,0
DA:213,0
DA:217,4
DA:218,0
DA:219,0
DA:223,4
DA:224,0
DA:228,4
DA:229,0
DA:230,0
DA:231,0
DA:233,0
DA:238,4
DA:239,0
DA:240,0
DA:241,0
DA:242,0
DA:243,0
DA:244,0
DA:245,0
DA:252,2
DA:253,4
DA:254,6
DA:255,12
DA:260,4
DA:261,4
DA:262,4
DA:263,6
DA:264,6
DA:265,6
DA:266,4
DA:267,4
DA:268,4
DA:271,4
DA:272,2
DA:273,2
DA:276,4
DA:279,2
DA:280,0
DA:284,2
DA:285,0
DA:286,0
DA:287,0
DA:291,3
DA:292,0
DA:293,0
DA:294,0
DA:295,0
DA:301,4
DA:302,0
DA:305,0
DA:307,0
DA:316,4
DA:317,0
DA:318,2
DA:319,0
DA:320,0
DA:321,0
DA:325,2
DA:326,2
DA:330,2
DA:331,2
DA:332,2
DA:333,2
DA:334,4
DA:343,1
DA:344,1
DA:347,1
DA:349,0
DA:350,0
DA:351,0
DA:353,0
DA:354,0
DA:358,1
DA:359,1
DA:360,3
DA:362,0
DA:363,1
DA:381,2
DA:387,4
DA:388,4
DA:392,2
DA:398,2
DA:403,2
DA:404,1
DA:408,2
DA:409,2
DA:410,0
DA:414,2
DA:415,5
DA:421,1
DA:422,1
DA:424,1
DA:425,1
DA:427,1
DA:429,0
DA:435,1
DA:439,2
DA:440,4
DA:446,0
DA:448,0
DA:450,0
DA:452,0
DA:458,0
DA:462,2
DA:463,2
DA:464,0
DA:470,2
DA:471,2
DA:472,0
DA:474,2
DA:475,0
DA:481,2
DA:482,3
DA:483,0
DA:484,0
DA:485,0
DA:486,0
DA:488,0
DA:492,4
DA:493,0
DA:499,2
DA:500,4
DA:505,2
DA:506,5
DA:507,2
DA:511,2
DA:512,1
DA:514,1
DA:516,1
DA:518,1
DA:520,1
DA:525,1
DA:532,2
DA:536,8
DA:537,0
DA:538,0
DA:542,4
DA:543,0
DA:547,8
DA:548,0
DA:549,0
DA:556,2
DA:558,2
DA:559,0
DA:560,0
DA:562,0
DA:564,0
DA:566,0
DA:568,0
DA:573,0
DA:577,2
DA:581,0
DA:583,0
DA:585,0
DA:587,0
DA:589,0
DA:594,0
DA:605,2
DA:606,4
DA:607,0
DA:608,0
DA:609,0
DA:828,2
DA:834,2
DA:835,2
DA:837,1
DA:842,2
DA:845,2
DA:846,0
DA:847,0
DA:849,2
DA:850,0
DA:851,0
DA:862,2
DA:868,2
DA:870,0
DA:873,2
DA:875,0
DA:878,2
DA:880,0
DA:890,2
DA:891,2
DA:892,0
DA:893,0
DA:894,0
DA:895,0
DA:901,0
DA:902,0
DA:903,0
DA:904,0
DA:905,0
DA:906,0
DA:986,2
DA:1026,0
DA:1028,0
DA:1031,0
DA:1032,0
DA:1033,0
DA:1034,0
DA:1035,0
DA:1036,0
DA:1040,0
DA:1041,0
DA:1042,0
DA:1043,0
DA:1044,0
DA:1045,0
DA:1051,0
DA:1053,0
DA:1056,0
DA:1059,0
DA:1060,0
DA:1061,0
DA:1066,0
DA:1071,0
DA:1076,0
DA:1082,0
DA:1084,0
DA:1085,0
DA:1096,0
DA:1097,0
DA:1098,0
DA:1099,0
DA:1100,0
DA:1101,0
DA:1111,0
DA:1112,0
DA:1121,0
DA:1122,0
DA:1123,0
DA:1126,0
DA:1127,0
DA:1128,0
DA:1129,0
DA:1130,0
DA:1131,0
DA:1132,0
DA:1142,0
DA:1143,0
DA:1144,0
DA:1145,0
DA:1176,0
DA:1177,0
DA:1178,0
DA:1179,0
DA:1180,0
DA:1190,0
DA:1192,0
DA:1196,0
DA:1197,0
DA:1198,0
DA:1199,0
DA:1200,0
DA:1201,0
DA:1202,0
DA:1203,0
DA:1204,0
DA:1205,0
DA:1213,0
DA:1214,0
DA:1215,0
DA:1216,0
DA:1218,0
DA:1305,2
DA:1376,0
DA:1377,0
LF:308
LH:133
end_of_record
SF:lib/utils/doubles_effects.dart
DA:38,2
DA:73,2
DA:79,2
DA:80,2
DA:81,0
DA:82,0
DA:84,2
DA:92,2
DA:102,2
DA:105,2
DA:106,0
DA:107,0
DA:111,2
DA:112,0
DA:113,0
DA:117,2
DA:118,0
DA:119,0
DA:123,2
DA:124,0
DA:125,0
DA:129,4
DA:130,2
DA:131,0
DA:132,0
DA:138,4
DA:139,0
DA:140,0
DA:141,0
DA:142,0
DA:145,2
LF:31
LH:15
end_of_record
SF:lib/utils/grounded.dart
DA:7,2
DA:16,2
DA:17,2
DA:18,2
DA:19,2
DA:20,2
DA:21,2
LF:7
LH:7
end_of_record
SF:lib/utils/item_effects.dart
DA:74,2
DA:132,2
DA:141,2
DA:142,4
DA:145,2
DA:146,4
DA:153,2
DA:158,2
DA:159,4
DA:162,2
DA:163,4
DA:166,2
DA:167,2
DA:170,2
DA:171,0
DA:177,2
DA:178,6
DA:184,2
DA:189,2
DA:191,0
DA:195,2
DA:197,0
DA:198,0
DA:202,2
DA:204,0
DA:205,0
DA:209,2
DA:211,0
DA:212,0
DA:216,2
DA:218,0
DA:219,0
DA:223,2
DA:224,2
DA:226,0
DA:227,0
DA:231,2
DA:233,0
DA:234,0
DA:238,2
DA:239,0
DA:243,2
DA:244,0
DA:248,2
DA:249,0
DA:253,2
DA:255,0
DA:256,0
DA:260,2
DA:262,0
DA:263,0
DA:277,2
DA:289,1
DA:294,1
DA:301,1
DA:303,1
DA:304,0
DA:308,1
DA:309,0
DA:343,1
DA:345,1
DA:346,1
DA:349,2
DA:358,2
DA:372,2
DA:374,2
DA:376,2
DA:377,0
DA:381,2
DA:383,2
DA:384,2
DA:385,2
DA:386,2
DA:387,2
DA:388,2
DA:390,2
DA:391,2
LF:77
LH:53
end_of_record
SF:lib/utils/offensive_calculator.dart
DA:40,0
DA:73,0
DA:75,0
DA:79,0
DA:83,0
DA:84,0
DA:85,0
DA:86,0
DA:87,0
DA:88,0
DA:89,0
DA:90,0
DA:91,0
DA:95,0
DA:104,0
DA:109,0
DA:112,0
DA:120,0
DA:121,0
DA:122,0
DA:123,0
DA:128,0
DA:146,0
DA:147,0
DA:148,0
DA:150,0
DA:151,0
DA:158,0
DA:159,0
DA:161,0
DA:167,0
DA:170,0
DA:171,0
DA:176,0
DA:177,0
DA:178,0
DA:179,0
DA:180,0
DA:181,0
DA:182,0
DA:183,0
DA:184,0
DA:185,0
DA:186,0
DA:187,0
DA:190,0
LF:46
LH:0
end_of_record
SF:lib/utils/defensive_calculator.dart
DA:22,0
DA:45,0
DA:55,0
DA:56,0
DA:57,0
DA:58,0
DA:59,0
DA:64,0
DA:72,0
DA:74,0
DA:75,0
DA:80,0
DA:81,0
DA:82,0
DA:86,0
DA:88,0
DA:92,0
DA:93,0
DA:98,0
DA:102,0
DA:106,0
DA:107,0
DA:109,0
DA:113,0
DA:115,0
DA:116,0
DA:118,0
DA:119,0
LF:28
LH:0
end_of_record
SF:lib/utils/speed_calculator.dart
DA:20,2
DA:32,2
DA:36,4
DA:42,2
DA:43,1
DA:44,6
DA:49,3
DA:50,1
DA:55,0
DA:58,2
DA:63,0
DA:64,0
DA:65,0
DA:66,0
DA:67,0
DA:72,0
DA:80,0
DA:81,0
LF:18
LH:9
end_of_record
SF:lib/utils/terrain_effects.dart
DA:19,2
DA:20,2
DA:23,2
DA:24,4
DA:34,2
DA:40,2
DA:41,4
DA:42,2
DA:43,2
DA:44,4
DA:45,2
DA:46,4
DA:47,2
DA:48,4
LF:14
LH:14
end_of_record
SF:lib/utils/weather_effects.dart
DA:22,2
DA:23,2
DA:27,2
DA:28,4
DA:38,2
DA:44,2
DA:45,2
DA:46,2
DA:47,2
DA:48,2
DA:49,2
DA:54,2
DA:55,4
DA:65,2
DA:67,2
DA:68,2
DA:69,4
DA:70,4
DA:72,2
DA:73,0
DA:74,0
DA:75,0
DA:77,2
DA:78,4
DA:79,4
DA:81,2
DA:82,0
DA:83,0
LF:28
LH:23
end_of_record
SF:lib/utils/random_factor.dart
DA:20,0
DA:21,0
DA:22,0
DA:26,0
DA:27,0
DA:31,0
DA:32,0
DA:37,0
DA:39,0
DA:40,0
DA:47,0
DA:48,0
DA:49,0
DA:62,0
DA:63,0
DA:66,0
DA:67,0
DA:73,0
DA:74,0
DA:75,0
DA:76,0
DA:80,0
DA:81,0
DA:86,0
DA:87,0
DA:88,0
DA:89,0
DA:90,0
DA:91,0
DA:92,0
DA:97,0
DA:98,0
DA:102,0
DA:103,0
DA:104,0
DA:105,0
DA:108,0
DA:110,0
DA:112,0
DA:124,0
DA:126,0
DA:129,0
DA:130,0
DA:136,0
DA:137,0
DA:138,0
DA:141,0
DA:142,0
DA:147,0
DA:148,0
DA:149,0
DA:150,0
DA:151,0
DA:155,0
DA:156,0
DA:160,0
DA:161,0
DA:162,0
DA:163,0
DA:165,0
DA:166,0
DA:168,0
DA:181,0
DA:182,0
DA:184,0
DA:185,0
DA:186,0
DA:188,0
DA:189,0
DA:190,0
DA:191,0
DA:200,0
DA:201,0
DA:202,0
DA:204,0
DA:205,0
LF:76
LH:0
end_of_record
SF:lib/utils/type_effectiveness.dart
DA:5,0
DA:6,0
DA:11,2
DA:12,0
DA:13,4
DA:23,2
DA:33,2
DA:34,4
DA:35,4
DA:36,0
DA:43,0
DA:44,0
DA:45,0
DA:47,0
DA:50,4
DA:51,4
DA:73,2
DA:79,2
DA:81,1
DA:82,1
DA:83,0
LF:21
LH:12
end_of_record
SF:lib/data/champions_usage.dart
DA:34,0
DA:43,0
DA:44,0
DA:45,0
DA:46,0
DA:47,0
DA:48,0
DA:50,0
DA:51,0
DA:52,0
DA:53,0
DA:54,0
DA:55,0
DA:56,0
DA:70,0
DA:72,0
DA:73,0
DA:74,0
DA:87,0
DA:88,0
DA:89,0
DA:92,0
DA:94,0
DA:96,0
DA:97,0
DA:98,0
DA:99,0
DA:100,0
DA:101,0
DA:102,0
DA:110,0
DA:111,0
DA:117,2
DA:118,0
DA:124,0
DA:126,0
LF:36
LH:1
end_of_record
SF:lib/models/pokemon.dart
DA:31,2
DA:55,2
DA:56,2
DA:57,2
DA:58,2
DA:59,2
DA:60,2
DA:61,2
DA:62,4
DA:63,2
DA:64,4
DA:66,4
DA:67,4
DA:68,4
DA:69,4
DA:70,2
DA:71,2
DA:72,2
DA:73,2
DA:74,2
DA:75,2
DA:76,2
DA:77,2
DA:78,4
DA:80,2
DA:81,4
DA:86,0
DA:88,0
DA:90,0
DA:92,0
DA:93,0
LF:31
LH:26
end_of_record
SF:lib/data/sample_storage.dart
DA:20,0
DA:26,0
DA:27,0
DA:28,0
DA:29,0
DA:30,0
DA:34,0
DA:35,0
DA:36,0
DA:37,0
DA:40,0
DA:41,0
DA:42,0
DA:43,0
DA:44,0
DA:56,0
DA:62,0
DA:63,0
DA:64,0
DA:65,0
DA:66,0
DA:70,0
DA:71,0
DA:72,0
DA:73,0
DA:76,0
DA:77,0
DA:78,0
DA:79,0
DA:90,2
DA:93,0
DA:95,0
DA:97,0
DA:101,0
DA:102,0
DA:103,0
DA:108,0
DA:109,0
DA:110,0
DA:119,0
DA:120,0
DA:121,0
DA:127,0
DA:135,0
DA:136,0
DA:137,0
DA:138,0
DA:148,0
DA:150,0
DA:151,0
DA:152,0
DA:153,0
DA:154,0
DA:156,0
DA:157,0
DA:159,0
DA:160,0
DA:161,0
DA:162,0
DA:163,0
DA:166,0
DA:167,0
DA:170,0
DA:171,0
DA:172,0
DA:173,0
DA:174,0
DA:175,0
DA:176,0
DA:177,0
DA:185,0
DA:186,0
DA:187,0
DA:189,0
DA:190,0
DA:192,0
DA:202,0
DA:207,0
DA:209,0
DA:210,0
DA:211,0
DA:213,0
DA:214,0
DA:217,0
DA:218,0
DA:219,0
DA:221,0
DA:222,0
DA:223,0
DA:224,0
DA:226,0
DA:227,0
DA:233,0
DA:238,0
DA:239,0
DA:240,0
DA:241,0
DA:242,0
DA:246,0
DA:247,0
DA:248,0
DA:249,0
DA:250,0
DA:251,0
DA:253,0
DA:254,0
DA:260,0
DA:262,0
DA:263,0
DA:264,0
DA:266,0
DA:267,0
DA:268,0
DA:270,0
DA:271,0
DA:274,0
DA:276,0
DA:278,0
DA:279,0
DA:280,0
DA:281,0
DA:286,0
DA:288,0
DA:289,0
DA:290,0
DA:291,0
DA:292,0
DA:293,0
DA:294,0
DA:295,0
DA:296,0
DA:304,0
DA:305,0
DA:306,0
DA:307,0
DA:308,0
DA:309,0
DA:313,0
DA:314,0
DA:315,0
DA:316,0
DA:317,0
DA:318,0
DA:323,0
DA:327,0
DA:328,0
DA:329,0
DA:330,0
DA:332,0
DA:334,0
DA:335,0
DA:336,0
DA:346,0
DA:348,0
DA:349,0
DA:350,0
DA:354,0
DA:355,0
DA:358,0
DA:359,0
DA:360,0
DA:365,0
DA:367,0
DA:368,0
DA:369,0
DA:370,0
DA:372,0
DA:374,0
DA:380,0
DA:381,0
DA:382,0
DA:383,0
DA:387,0
DA:388,0
DA:389,0
DA:391,0
DA:392,0
DA:399,0
DA:400,0
DA:402,0
DA:404,0
DA:406,0
DA:410,0
DA:411,0
DA:412,0
DA:413,0
DA:414,0
DA:415,0
DA:416,0
DA:417,0
DA:421,0
DA:422,0
DA:423,0
DA:424,0
DA:425,0
DA:426,0
DA:427,0
DA:428,0
DA:432,0
DA:433,0
DA:437,0
LF:201
LH:1
end_of_record
SF:lib/utils/app_strings.dart
DA:13,0
DA:15,0
DA:17,0
DA:19,0
DA:20,0
DA:25,0
DA:29,0
DA:30,0
DA:31,0
DA:33,0
DA:36,0
DA:41,0
DA:42,0
DA:43,0
DA:44,0
DA:46,0
DA:53,0
DA:56,0
DA:60,0
DA:66,0
DA:67,0
DA:68,0
DA:69,0
DA:77,0
DA:78,0
DA:79,0
DA:81,0
DA:82,0
DA:89,0
DA:94,0
DA:95,0
DA:96,0
DA:97,0
LF:33
LH:0
end_of_record
SF:lib/utils/stacking_moves.dart
DA:16,0
DA:23,0
DA:24,0
DA:25,0
DA:26,0
DA:33,0
DA:34,0
DA:35,0
DA:41,0
DA:42,0
DA:51,0
DA:52,0
DA:53,0
DA:54,0
DA:56,0
DA:57,0
DA:58,0
LF:17
LH:0
end_of_record
